This file contains any messages produced by compilers while
running configure, to aid debugging if configure makes a mistake.

It was created by rtsPOSIX configure 0.9.9, which was
generated by GNU Autoconf 2.63.  Invocation command line was

  $ ./configure --prefix=/home/capitrane/local/timber-llvm/share/timberc-1.0.3 --with-timberc=/home/capitrane/local/timber-llvm/bin/timberc

## --------- ##
## Platform. ##
## --------- ##

hostname = POWERFIST
uname -m = i686
uname -r = 2.6.31-20-generic
uname -s = Linux
uname -v = #57-Ubuntu SMP Mon Feb 8 09:05:19 UTC 2010

/usr/bin/uname -p = unknown
/bin/uname -X     = unknown

/bin/arch              = unknown
/usr/bin/arch -k       = unknown
/usr/convex/getsysinfo = unknown
/usr/bin/hostinfo      = unknown
/bin/machine           = unknown
/usr/bin/oslevel       = unknown
/bin/universe          = unknown

PATH: /usr/local/sbin
PATH: /usr/local/bin
PATH: /usr/sbin
PATH: /usr/bin
PATH: /sbin
PATH: /bin
PATH: /usr/games
PATH: /home/capitrane/local/bin
PATH: /home/capitrane/.cabal/bin
PATH: /home/capitrane/local/timber-llvm/bin


## ----------- ##
## Core tests. ##
## ----------- ##

configure:1858: checking for gcc
configure:1874: found /usr/bin/gcc
configure:1885: result: gcc
configure:2117: checking for C compiler version
configure:2125: gcc --version >&5
gcc (Ubuntu 4.4.1-4ubuntu9) 4.4.1
Copyright (C) 2009 Free Software Foundation, Inc.
This is free software; see the source for copying conditions.  There is NO
warranty; not even for MERCHANTABILITY or FITNESS FOR A PARTICULAR PURPOSE.

configure:2129: $? = 0
configure:2136: gcc -v >&5
Using built-in specs.
Target: i486-linux-gnu
Configured with: ../src/configure -v --with-pkgversion='Ubuntu 4.4.1-4ubuntu9' --with-bugurl=file:///usr/share/doc/gcc-4.4/README.Bugs --enable-languages=c,c++,fortran,objc,obj-c++ --prefix=/usr --enable-shared --enable-multiarch --enable-linker-build-id --with-system-zlib --libexecdir=/usr/lib --without-included-gettext --enable-threads=posix --with-gxx-include-dir=/usr/include/c++/4.4 --program-suffix=-4.4 --enable-nls --enable-clocale=gnu --enable-libstdcxx-debug --enable-objc-gc --enable-targets=all --disable-werror --with-arch-32=i486 --with-tune=generic --enable-checking=release --build=i486-linux-gnu --host=i486-linux-gnu --target=i486-linux-gnu
Thread model: posix
gcc version 4.4.1 (Ubuntu 4.4.1-4ubuntu9) 
configure:2140: $? = 0
configure:2147: gcc -V >&5
gcc: '-V' option must have argument
configure:2151: $? = 1
configure:2174: checking for C compiler default output file name
configure:2196: gcc    conftest.c  >&5
configure:2200: $? = 0
configure:2238: result: a.out
configure:2257: checking whether the C compiler works
configure:2267: ./a.out
configure:2271: $? = 0
configure:2290: result: yes
configure:2297: checking whether we are cross compiling
configure:2299: result: no
configure:2302: checking for suffix of executables
configure:2309: gcc -o conftest    conftest.c  >&5
configure:2313: $? = 0
configure:2339: result: 
configure:2345: checking for suffix of object files
configure:2371: gcc -c   conftest.c >&5
configure:2375: $? = 0
configure:2400: result: o
configure:2404: checking whether we are using the GNU C compiler
configure:2433: gcc -c   conftest.c >&5
configure:2440: $? = 0
configure:2457: result: yes
configure:2466: checking whether gcc accepts -g
configure:2496: gcc -c -g  conftest.c >&5
configure:2503: $? = 0
configure:2604: result: yes
configure:2621: checking for gcc option to accept ISO C89
configure:2695: gcc  -c -g -O2  conftest.c >&5
configure:2702: $? = 0
configure:2725: result: none needed
configure:2788: checking for a BSD-compatible install
configure:2856: result: /usr/bin/install -c
configure:2898: gcc -c -g -O2 -m32  conftest.c >&5
configure:2905: $? = 0
configure:2930: checking build system type
configure:2948: result: i686-pc-linux-gnu
configure:2970: checking host system type
configure:2985: result: i686-pc-linux-gnu
configure:3203: checking for the pthreads library -lpthreads
configure:3246: gcc -o conftest -g -O2 -m32    conftest.c -lpthreads  >&5
/usr/bin/ld: cannot find -lpthreads
collect2: ld returned 1 exit status
configure:3253: $? = 1
configure: failed program was:
| /* confdefs.h.  */
| #define PACKAGE_NAME "rtsPOSIX"
| #define PACKAGE_TARNAME "rtsposix"
| #define PACKAGE_VERSION "0.9.9"
| #define PACKAGE_STRING "rtsPOSIX 0.9.9"
| #define PACKAGE_BUGREPORT "nordland@csee.ltu.se"
| /* end confdefs.h.  */
| #include <pthread.h>
| int
| main ()
| {
| pthread_t th; pthread_join(th, 0);
|                      pthread_attr_init(0); pthread_cleanup_push(0, 0);
|                      pthread_create(0,0,0,0); pthread_cleanup_pop(0);
|   ;
|   return 0;
| }
configure:3276: result: no
configure:3148: checking whether pthreads work without any flags
configure:3246: gcc -o conftest -g -O2 -m32    conftest.c   >&5
/tmp/ccAGesm5.o: In function `main':
/home/capitrane/timber-llvm/rtsPOSIX/conftest.c:12: undefined reference to `pthread_join'
/home/capitrane/timber-llvm/rtsPOSIX/conftest.c:13: undefined reference to `__pthread_register_cancel'
/home/capitrane/timber-llvm/rtsPOSIX/conftest.c:14: undefined reference to `pthread_create'
/home/capitrane/timber-llvm/rtsPOSIX/conftest.c:14: undefined reference to `__pthread_unregister_cancel'
collect2: ld returned 1 exit status
configure:3253: $? = 1
configure: failed program was:
| /* confdefs.h.  */
| #define PACKAGE_NAME "rtsPOSIX"
| #define PACKAGE_TARNAME "rtsposix"
| #define PACKAGE_VERSION "0.9.9"
| #define PACKAGE_STRING "rtsPOSIX 0.9.9"
| #define PACKAGE_BUGREPORT "nordland@csee.ltu.se"
| /* end confdefs.h.  */
| #include <pthread.h>
| int
| main ()
| {
| pthread_t th; pthread_join(th, 0);
|                      pthread_attr_init(0); pthread_cleanup_push(0, 0);
|                      pthread_create(0,0,0,0); pthread_cleanup_pop(0);
|   ;
|   return 0;
| }
configure:3276: result: no
configure:3153: checking whether pthreads work with -Kthread
configure:3246: gcc -o conftest -g -O2 -m32 -Kthread   conftest.c   >&5
gcc: unrecognized option '-Kthread'
/tmp/ccYKvcfb.o: In function `main':
/home/capitrane/timber-llvm/rtsPOSIX/conftest.c:12: undefined reference to `pthread_join'
/home/capitrane/timber-llvm/rtsPOSIX/conftest.c:13: undefined reference to `__pthread_register_cancel'
/home/capitrane/timber-llvm/rtsPOSIX/conftest.c:14: undefined reference to `pthread_create'
/home/capitrane/timber-llvm/rtsPOSIX/conftest.c:14: undefined reference to `__pthread_unregister_cancel'
collect2: ld returned 1 exit status
configure:3253: $? = 1
configure: failed program was:
| /* confdefs.h.  */
| #define PACKAGE_NAME "rtsPOSIX"
| #define PACKAGE_TARNAME "rtsposix"
| #define PACKAGE_VERSION "0.9.9"
| #define PACKAGE_STRING "rtsPOSIX 0.9.9"
| #define PACKAGE_BUGREPORT "nordland@csee.ltu.se"
| /* end confdefs.h.  */
| #include <pthread.h>
| int
| main ()
| {
| pthread_t th; pthread_join(th, 0);
|                      pthread_attr_init(0); pthread_cleanup_push(0, 0);
|                      pthread_create(0,0,0,0); pthread_cleanup_pop(0);
|   ;
|   return 0;
| }
configure:3276: result: no
configure:3153: checking whether pthreads work with -kthread
configure:3246: gcc -o conftest -g -O2 -m32 -kthread   conftest.c   >&5
gcc: unrecognized option '-kthread'
/tmp/ccg4DFQk.o: In function `main':
/home/capitrane/timber-llvm/rtsPOSIX/conftest.c:12: undefined reference to `pthread_join'
/home/capitrane/timber-llvm/rtsPOSIX/conftest.c:13: undefined reference to `__pthread_register_cancel'
/home/capitrane/timber-llvm/rtsPOSIX/conftest.c:14: undefined reference to `pthread_create'
/home/capitrane/timber-llvm/rtsPOSIX/conftest.c:14: undefined reference to `__pthread_unregister_cancel'
collect2: ld returned 1 exit status
configure:3253: $? = 1
configure: failed program was:
| /* confdefs.h.  */
| #define PACKAGE_NAME "rtsPOSIX"
| #define PACKAGE_TARNAME "rtsposix"
| #define PACKAGE_VERSION "0.9.9"
| #define PACKAGE_STRING "rtsPOSIX 0.9.9"
| #define PACKAGE_BUGREPORT "nordland@csee.ltu.se"
| /* end confdefs.h.  */
| #include <pthread.h>
| int
| main ()
| {
| pthread_t th; pthread_join(th, 0);
|                      pthread_attr_init(0); pthread_cleanup_push(0, 0);
|                      pthread_create(0,0,0,0); pthread_cleanup_pop(0);
|   ;
|   return 0;
| }
configure:3276: result: no
configure:3203: checking for the pthreads library -llthread
configure:3246: gcc -o conftest -g -O2 -m32    conftest.c -llthread  >&5
/usr/bin/ld: cannot find -llthread
collect2: ld returned 1 exit status
configure:3253: $? = 1
configure: failed program was:
| /* confdefs.h.  */
| #define PACKAGE_NAME "rtsPOSIX"
| #define PACKAGE_TARNAME "rtsposix"
| #define PACKAGE_VERSION "0.9.9"
| #define PACKAGE_STRING "rtsPOSIX 0.9.9"
| #define PACKAGE_BUGREPORT "nordland@csee.ltu.se"
| /* end confdefs.h.  */
| #include <pthread.h>
| int
| main ()
| {
| pthread_t th; pthread_join(th, 0);
|                      pthread_attr_init(0); pthread_cleanup_push(0, 0);
|                      pthread_create(0,0,0,0); pthread_cleanup_pop(0);
|   ;
|   return 0;
| }
configure:3276: result: no
configure:3153: checking whether pthreads work with -pthread
configure:3246: gcc -o conftest -g -O2 -m32 -pthread   conftest.c   >&5
configure:3253: $? = 0
configure:3276: result: yes
configure:3295: checking for joinable pthread attribute
configure:3320: gcc -o conftest -g -O2 -m32 -pthread   conftest.c   >&5
configure:3327: $? = 0
configure:3347: result: PTHREAD_CREATE_JOINABLE
configure:3357: checking if more special flags are required for pthreads
configure:3364: result: no
configure:3464: checking pthread realtime-threads extension
configure:3488: gcc -c -g -O2 -m32 -pthread  conftest.c >&5
conftest.c: In function 'main':
conftest.c:13: error: 'PTHREAD_PRIO_INHERIT' undeclared (first use in this function)
conftest.c:13: error: (Each undeclared identifier is reported only once
conftest.c:13: error: for each function it appears in.)
configure:3495: $? = 1
configure: failed program was:
| /* confdefs.h.  */
| #define PACKAGE_NAME "rtsPOSIX"
| #define PACKAGE_TARNAME "rtsposix"
| #define PACKAGE_VERSION "0.9.9"
| #define PACKAGE_STRING "rtsPOSIX 0.9.9"
| #define PACKAGE_BUGREPORT "nordland@csee.ltu.se"
| #define HAVE_PTHREAD 1
| /* end confdefs.h.  */
| #include <pthread.h>
| int
| main ()
| {
| pthread_mutexattr_setprotocol(NULL, PTHREAD_PRIO_INHERIT);
| 
|   ;
|   return 0;
| }
configure:3543: gcc -c -g -O2 -m32 -pthread -D_GNU_SOURCE=1  conftest.c >&5
configure:3550: $? = 0
configure:3555: result: yes
configure:3640: checking how to run the C preprocessor
configure:3680: gcc -E  conftest.c
configure:3687: $? = 0
configure:3718: gcc -E  conftest.c
conftest.c:9:28: error: ac_nonexistent.h: No such file or directory
configure:3725: $? = 1
configure: failed program was:
| /* confdefs.h.  */
| #define PACKAGE_NAME "rtsPOSIX"
| #define PACKAGE_TARNAME "rtsposix"
| #define PACKAGE_VERSION "0.9.9"
| #define PACKAGE_STRING "rtsPOSIX 0.9.9"
| #define PACKAGE_BUGREPORT "nordland@csee.ltu.se"
| #define HAVE_PTHREAD 1
| /* end confdefs.h.  */
| #include <ac_nonexistent.h>
configure:3758: result: gcc -E
configure:3787: gcc -E  conftest.c
configure:3794: $? = 0
configure:3825: gcc -E  conftest.c
conftest.c:9:28: error: ac_nonexistent.h: No such file or directory
configure:3832: $? = 1
configure: failed program was:
| /* confdefs.h.  */
| #define PACKAGE_NAME "rtsPOSIX"
| #define PACKAGE_TARNAME "rtsposix"
| #define PACKAGE_VERSION "0.9.9"
| #define PACKAGE_STRING "rtsPOSIX 0.9.9"
| #define PACKAGE_BUGREPORT "nordland@csee.ltu.se"
| #define HAVE_PTHREAD 1
| /* end confdefs.h.  */
| #include <ac_nonexistent.h>
configure:3872: checking for grep that handles long lines and -e
configure:3932: result: /bin/grep
configure:3937: checking for egrep
configure:4001: result: /bin/grep -E
configure:4006: checking for ANSI C header files
configure:4036: gcc -c -g -O2 -m32 -pthread -D_GNU_SOURCE=1  conftest.c >&5
configure:4043: $? = 0
configure:4142: gcc -o conftest -g -O2 -m32 -pthread -D_GNU_SOURCE=1   conftest.c   >&5
configure:4146: $? = 0
configure:4152: ./conftest
configure:4156: $? = 0
configure:4174: result: yes
configure:4198: checking for sys/types.h
configure:4219: gcc -c -g -O2 -m32 -pthread -D_GNU_SOURCE=1  conftest.c >&5
configure:4226: $? = 0
configure:4243: result: yes
configure:4198: checking for sys/stat.h
configure:4219: gcc -c -g -O2 -m32 -pthread -D_GNU_SOURCE=1  conftest.c >&5
configure:4226: $? = 0
configure:4243: result: yes
configure:4198: checking for stdlib.h
configure:4219: gcc -c -g -O2 -m32 -pthread -D_GNU_SOURCE=1  conftest.c >&5
configure:4226: $? = 0
configure:4243: result: yes
configure:4198: checking for string.h
configure:4219: gcc -c -g -O2 -m32 -pthread -D_GNU_SOURCE=1  conftest.c >&5
configure:4226: $? = 0
configure:4243: result: yes
configure:4198: checking for memory.h
configure:4219: gcc -c -g -O2 -m32 -pthread -D_GNU_SOURCE=1  conftest.c >&5
configure:4226: $? = 0
configure:4243: result: yes
configure:4198: checking for strings.h
configure:4219: gcc -c -g -O2 -m32 -pthread -D_GNU_SOURCE=1  conftest.c >&5
configure:4226: $? = 0
configure:4243: result: yes
configure:4198: checking for inttypes.h
configure:4219: gcc -c -g -O2 -m32 -pthread -D_GNU_SOURCE=1  conftest.c >&5
configure:4226: $? = 0
configure:4243: result: yes
configure:4198: checking for stdint.h
configure:4219: gcc -c -g -O2 -m32 -pthread -D_GNU_SOURCE=1  conftest.c >&5
configure:4226: $? = 0
configure:4243: result: yes
configure:4198: checking for unistd.h
configure:4219: gcc -c -g -O2 -m32 -pthread -D_GNU_SOURCE=1  conftest.c >&5
configure:4226: $? = 0
configure:4243: result: yes
configure:4264: checking for stdlib.h
configure:4271: result: yes
configure:4275: checking sys/time.h usability
configure:4292: gcc -c -g -O2 -m32 -pthread -D_GNU_SOURCE=1  conftest.c >&5
configure:4299: $? = 0
configure:4313: result: yes
configure:4317: checking sys/time.h presence
configure:4332: gcc -E  conftest.c
configure:4339: $? = 0
configure:4353: result: yes
configure:4386: checking for sys/time.h
configure:4395: result: yes
configure:4275: checking termios.h usability
configure:4292: gcc -c -g -O2 -m32 -pthread -D_GNU_SOURCE=1  conftest.c >&5
configure:4299: $? = 0
configure:4313: result: yes
configure:4317: checking termios.h presence
configure:4332: gcc -E  conftest.c
configure:4339: $? = 0
configure:4353: result: yes
configure:4386: checking for termios.h
configure:4395: result: yes
configure:4421: checking libkern/OSAtomic.h usability
configure:4438: gcc -c -g -O2 -m32 -pthread -D_GNU_SOURCE=1  conftest.c >&5
conftest.c:55:30: error: libkern/OSAtomic.h: No such file or directory
configure:4445: $? = 1
configure: failed program was:
| /* confdefs.h.  */
| #define PACKAGE_NAME "rtsPOSIX"
| #define PACKAGE_TARNAME "rtsposix"
| #define PACKAGE_VERSION "0.9.9"
| #define PACKAGE_STRING "rtsPOSIX 0.9.9"
| #define PACKAGE_BUGREPORT "nordland@csee.ltu.se"
| #define HAVE_PTHREAD 1
| #define STDC_HEADERS 1
| #define HAVE_SYS_TYPES_H 1
| #define HAVE_SYS_STAT_H 1
| #define HAVE_STDLIB_H 1
| #define HAVE_STRING_H 1
| #define HAVE_MEMORY_H 1
| #define HAVE_STRINGS_H 1
| #define HAVE_INTTYPES_H 1
| #define HAVE_STDINT_H 1
| #define HAVE_UNISTD_H 1
| #define HAVE_STDLIB_H 1
| #define HAVE_SYS_TIME_H 1
| #define HAVE_TERMIOS_H 1
| /* end confdefs.h.  */
| #include <stdio.h>
| #ifdef HAVE_SYS_TYPES_H
| # include <sys/types.h>
| #endif
| #ifdef HAVE_SYS_STAT_H
| # include <sys/stat.h>
| #endif
| #ifdef STDC_HEADERS
| # include <stdlib.h>
| # include <stddef.h>
| #else
| # ifdef HAVE_STDLIB_H
| #  include <stdlib.h>
| # endif
| #endif
| #ifdef HAVE_STRING_H
| # if !defined STDC_HEADERS && defined HAVE_MEMORY_H
| #  include <memory.h>
| # endif
| # include <string.h>
| #endif
| #ifdef HAVE_STRINGS_H
| # include <strings.h>
| #endif
| #ifdef HAVE_INTTYPES_H
| # include <inttypes.h>
| #endif
| #ifdef HAVE_STDINT_H
| # include <stdint.h>
| #endif
| #ifdef HAVE_UNISTD_H
| # include <unistd.h>
| #endif
| #include <libkern/OSAtomic.h>
configure:4459: result: no
configure:4463: checking libkern/OSAtomic.h presence
configure:4478: gcc -E  conftest.c
conftest.c:22:30: error: libkern/OSAtomic.h: No such file or directory
configure:4485: $? = 1
configure: failed program was:
| /* confdefs.h.  */
| #define PACKAGE_NAME "rtsPOSIX"
| #define PACKAGE_TARNAME "rtsposix"
| #define PACKAGE_VERSION "0.9.9"
| #define PACKAGE_STRING "rtsPOSIX 0.9.9"
| #define PACKAGE_BUGREPORT "nordland@csee.ltu.se"
| #define HAVE_PTHREAD 1
| #define STDC_HEADERS 1
| #define HAVE_SYS_TYPES_H 1
| #define HAVE_SYS_STAT_H 1
| #define HAVE_STDLIB_H 1
| #define HAVE_STRING_H 1
| #define HAVE_MEMORY_H 1
| #define HAVE_STRINGS_H 1
| #define HAVE_INTTYPES_H 1
| #define HAVE_STDINT_H 1
| #define HAVE_UNISTD_H 1
| #define HAVE_STDLIB_H 1
| #define HAVE_SYS_TIME_H 1
| #define HAVE_TERMIOS_H 1
| /* end confdefs.h.  */
| #include <libkern/OSAtomic.h>
configure:4499: result: no
configure:4532: checking for libkern/OSAtomic.h
configure:4539: result: no
configure:4559: checking sys/stat.h header for XSI extensions
configure:4583: gcc -c -g -O2 -m32 -pthread -D_GNU_SOURCE=1  conftest.c >&5
configure:4590: $? = 0
configure:4595: result: yes
configure:4614: checking if gcc supports __sync_bool_compare_and_swap
configure:4642: gcc -o conftest -g -O2 -m32 -pthread -D_GNU_SOURCE=1   conftest.c   >&5
configure:4649: $? = 0
configure:4658: result: yes
configure:4745: checking whether time.h and sys/time.h may both be included
configure:4775: gcc -c -g -O2 -m32 -pthread -D_GNU_SOURCE=1  conftest.c >&5
configure:4782: $? = 0
configure:4797: result: yes
configure:4816: checking for stdlib.h
configure:4823: result: yes
configure:4962: checking for GNU libc compatible malloc
configure:4996: gcc -o conftest -g -O2 -m32 -pthread -D_GNU_SOURCE=1   conftest.c   >&5
configure:5000: $? = 0
configure:5006: ./conftest
configure:5010: $? = 0
configure:5027: result: yes
configure:5060: checking for gettimeofday
configure:5116: gcc -o conftest -g -O2 -m32 -pthread -D_GNU_SOURCE=1   conftest.c   >&5
configure:5123: $? = 0
configure:5145: result: yes
configure:5060: checking for sysconf
configure:5116: gcc -o conftest -g -O2 -m32 -pthread -D_GNU_SOURCE=1   conftest.c   >&5
configure:5123: $? = 0
configure:5145: result: yes
configure:5270: creating ./config.status

## ---------------------- ##
## Running config.status. ##
## ---------------------- ##

This file was extended by rtsPOSIX config.status 0.9.9, which was
generated by GNU Autoconf 2.63.  Invocation command line was

  CONFIG_FILES    = 
  CONFIG_HEADERS  = 
  CONFIG_LINKS    = 
  CONFIG_COMMANDS = 
  $ ./config.status 

on POWERFIST

config.status:751: creating Makefile
config.status:751: creating timberc.cfg
config.status:751: creating config.h
config.status:967: config.h is unchanged

## ---------------- ##
## Cache variables. ##
## ---------------- ##

ac_cv_build=i686-pc-linux-gnu
ac_cv_c_compiler_gnu=yes
ac_cv_env_CC_set=
ac_cv_env_CC_value=
ac_cv_env_CFLAGS_set=
ac_cv_env_CFLAGS_value=
ac_cv_env_CPPFLAGS_set=
ac_cv_env_CPPFLAGS_value=
ac_cv_env_CPP_set=
ac_cv_env_CPP_value=
ac_cv_env_LDFLAGS_set=
ac_cv_env_LDFLAGS_value=
ac_cv_env_LIBS_set=
ac_cv_env_LIBS_value=
ac_cv_env_build_alias_set=
ac_cv_env_build_alias_value=
ac_cv_env_host_alias_set=
ac_cv_env_host_alias_value=
ac_cv_env_target_alias_set=
ac_cv_env_target_alias_value=
ac_cv_func_gettimeofday=yes
ac_cv_func_malloc_0_nonnull=yes
ac_cv_func_sysconf=yes
ac_cv_header_inttypes_h=yes
ac_cv_header_libkern_OSAtomic_h=no
ac_cv_header_memory_h=yes
ac_cv_header_stdc=yes
ac_cv_header_stdint_h=yes
ac_cv_header_stdlib_h=yes
ac_cv_header_string_h=yes
ac_cv_header_strings_h=yes
ac_cv_header_sys_stat_h=yes
ac_cv_header_sys_time_h=yes
ac_cv_header_sys_types_h=yes
ac_cv_header_termios_h=yes
ac_cv_header_time=yes
ac_cv_header_unistd_h=yes
ac_cv_host=i686-pc-linux-gnu
ac_cv_objext=o
ac_cv_path_EGREP='/bin/grep -E'
ac_cv_path_GREP=/bin/grep
ac_cv_path_install='/usr/bin/install -c'
ac_cv_prog_CPP='gcc -E'
ac_cv_prog_ac_ct_CC=gcc
ac_cv_prog_cc_c89=
ac_cv_prog_cc_g=yes

## ----------------- ##
## Output variables. ##
## ----------------- ##

CC='gcc'
CFLAGS='-g -O2 -m32 -pthread -D_GNU_SOURCE=1'
CPP='gcc -E'
CPPFLAGS=''
DEFS='-DHAVE_CONFIG_H'
DEST=''
ECHO_C=''
ECHO_N='-n'
ECHO_T=''
EGREP='/bin/grep -E'
EXEEXT=''
GREP='/bin/grep'
INSTALL_DATA='${INSTALL} -m 644'
INSTALL_PROGRAM='${INSTALL}'
INSTALL_SCRIPT='${INSTALL}'
LDFLAGS=''
LIBOBJS=''
LIBS=' '
LTLIBOBJS=''
OBJEXT='o'
PACKAGE_BUGREPORT='nordland@csee.ltu.se'
PACKAGE_NAME='rtsPOSIX'
PACKAGE_STRING='rtsPOSIX 0.9.9'
PACKAGE_TARNAME='rtsposix'
PACKAGE_VERSION='0.9.9'
PATH_SEPARATOR=':'
PTHREAD_CC='gcc'
PTHREAD_CFLAGS='-pthread'
PTHREAD_LIBS=''
SHELL='/bin/bash'
SRC=''
TIMBERC='/home/capitrane/local/timber-llvm/bin/timberc'
ac_ct_CC='gcc'
acx_pthread_config=''
bindir='${exec_prefix}/bin'
build='i686-pc-linux-gnu'
build_alias=''
build_cpu='i686'
build_os='linux-gnu'
build_vendor='pc'
datadir='${datarootdir}'
datarootdir='${prefix}/share'
docdir='${datarootdir}/doc/${PACKAGE_TARNAME}'
dvidir='${docdir}'
exec_prefix='${prefix}'
host='i686-pc-linux-gnu'
host_alias=''
host_cpu='i686'
host_os='linux-gnu'
host_vendor='pc'
htmldir='${docdir}'
includedir='${prefix}/include'
infodir='${datarootdir}/info'
libdir='${exec_prefix}/lib'
libexecdir='${exec_prefix}/libexec'
localedir='${datarootdir}/locale'
localstatedir='${prefix}/var'
mandir='${datarootdir}/man'
oldincludedir='/usr/include'
pdfdir='${docdir}'
prefix='/home/capitrane/local/timber-llvm/share/timberc-1.0.3'
program_transform_name='s,x,x,'
psdir='${docdir}'
sbindir='${exec_prefix}/sbin'
sharedstatedir='${prefix}/com'
sysconfdir='${prefix}/etc'
target_alias=''

## ----------- ##
## confdefs.h. ##
## ----------- ##

#define PACKAGE_NAME "rtsPOSIX"
#define PACKAGE_TARNAME "rtsposix"
#define PACKAGE_VERSION "0.9.9"
#define PACKAGE_STRING "rtsPOSIX 0.9.9"
#define PACKAGE_BUGREPORT "nordland@csee.ltu.se"
#define HAVE_PTHREAD 1
#define STDC_HEADERS 1
#define HAVE_SYS_TYPES_H 1
#define HAVE_SYS_STAT_H 1
#define HAVE_STDLIB_H 1
#define HAVE_STRING_H 1
#define HAVE_MEMORY_H 1
#define HAVE_STRINGS_H 1
#define HAVE_INTTYPES_H 1
#define HAVE_STDINT_H 1
#define HAVE_UNISTD_H 1
#define HAVE_STDLIB_H 1
#define HAVE_SYS_TIME_H 1
#define HAVE_TERMIOS_H 1
#define HAVE_BUILTIN_ATOMIC 1
#define TIME_WITH_SYS_TIME 1
#define HAVE_STDLIB_H 1
#define HAVE_MALLOC 1
#define HAVE_GETTIMEOFDAY 1
#define HAVE_SYSCONF 1

configure: exit 0
